2023-06-09 10:52:44 info: OS cpu length : 12
2023-06-09 10:52:44 info: UV_THREADPOOL_SIZE : 4
2023-06-09 10:55:35 info: [GET][/test] ::ffff:127.0.0.1 "HTTP/1.1" 200 4 "curl/7.68.0" 1.686 ms
2023-06-09 10:55:35 info: [GET][/test] ::ffff:127.0.0.1 "HTTP/1.1" 200 4 "curl/7.68.0" 0.456 ms
2023-06-09 10:55:35 info: [GET][/test] ::ffff:127.0.0.1 "HTTP/1.1" 200 4 "curl/7.68.0" 0.288 ms
2023-06-09 10:55:36 info: 429
2023-06-09 10:55:36 info: 447
2023-06-09 10:55:36 info: 493
2023-06-09 10:55:36 info: 532
2023-06-09 10:55:36 info: 906
2023-06-09 10:55:36 info: 977
2023-06-09 10:55:36 info: 1025
2023-06-09 10:55:36 info: 1054
2023-06-09 10:55:37 info: 1434
2023-06-09 10:55:37 info: 1450
2023-06-09 10:55:37 info: 1529
2023-06-09 10:55:37 info: 1614
2023-06-09 10:55:37 info: 1905
2023-06-09 10:55:37 info: 1972
2023-06-09 10:55:37 info: 2021
2023-06-09 10:55:37 info: 2082
2023-06-09 10:55:38 info: 2387
2023-06-09 10:55:38 info: 2429
2023-06-09 10:55:38 info: 2521
2023-06-09 10:55:38 info: 2577
2023-06-09 10:55:38 info: 2861
2023-06-09 10:55:38 info: 2887
2023-06-09 10:55:38 info: 3065
2023-06-09 10:55:38 info: 3081
2023-06-09 10:55:39 info: 3359
2023-06-09 10:55:39 info: 3404
2023-06-09 10:55:39 info: 3533
2023-06-09 10:55:39 info: 3556
2023-06-09 10:55:39 info: 3809
2023-06-09 10:55:39 info: 3847
2023-06-09 10:56:08 info: [GET][/test] ::ffff:127.0.0.1 "HTTP/1.1" 200 4 "curl/7.68.0" 0.371 ms
2023-06-09 10:56:08 info: [GET][/test] ::ffff:127.0.0.1 "HTTP/1.1" 200 4 "curl/7.68.0" 0.205 ms
2023-06-09 10:56:08 info: [GET][/test] ::ffff:127.0.0.1 "HTTP/1.1" 200 4 "curl/7.68.0" 0.342 ms
2023-06-09 10:56:08 info: 456
2023-06-09 10:56:08 info: 458
2023-06-09 10:56:09 info: 517
2023-06-09 10:56:09 info: 523
2023-06-09 10:56:09 info: 902
2023-06-09 10:56:09 info: 946
2023-06-09 10:56:09 info: 987
2023-06-09 10:56:09 info: 1010
2023-06-09 10:56:09 info: 1361
2023-06-09 10:56:09 info: 1452
2023-06-09 10:56:09 info: 1475
2023-06-09 10:56:09 info: 1484
2023-06-09 10:56:10 info: 1883
2023-06-09 10:56:10 info: 1909
2023-06-09 10:56:10 info: 1969
2023-06-09 10:56:10 info: 2026
2023-06-09 10:56:10 info: 2342
2023-06-09 10:56:10 info: 2400
2023-06-09 10:56:10 info: 2450
2023-06-09 10:56:11 info: 2536
2023-06-09 10:56:11 info: 2807
2023-06-09 10:56:11 info: 2888
2023-06-09 10:56:11 info: 2963
2023-06-09 10:56:11 info: 2975
2023-06-09 10:56:11 info: 3285
2023-06-09 10:56:11 info: 3404
2023-06-09 10:56:11 info: 3450
2023-06-09 10:56:11 info: 3473
2023-06-09 10:56:12 info: 3754
2023-06-09 10:56:12 info: 3885
2023-06-09 10:56:46 info: [GET][/test] ::ffff:127.0.0.1 "HTTP/1.1" 200 4 "curl/7.68.0" 0.394 ms
2023-06-09 10:56:46 info: [GET][/test] ::ffff:127.0.0.1 "HTTP/1.1" 200 4 "curl/7.68.0" 0.230 ms
2023-06-09 10:56:46 info: [GET][/test] ::ffff:127.0.0.1 "HTTP/1.1" 200 4 "curl/7.68.0" 0.260 ms
2023-06-09 10:56:47 info: 485
2023-06-09 10:56:47 info: 498
2023-06-09 10:56:47 info: 513
2023-06-09 10:56:47 info: 520
2023-06-09 10:56:47 info: 930
2023-06-09 10:56:47 info: 953
2023-06-09 10:56:47 info: 1009
2023-06-09 10:56:47 info: 1040
2023-06-09 10:56:48 info: 1388
2023-06-09 10:56:48 info: 1418
2023-06-09 10:56:48 info: 1479
2023-06-09 10:56:48 info: 1535
2023-06-09 10:56:48 info: 1865
2023-06-09 10:56:48 info: 1915
2023-06-09 10:56:48 info: 1946
2023-06-09 10:56:48 info: 2002
2023-06-09 10:56:49 info: 2364
2023-06-09 10:56:49 info: 2430
2023-06-09 10:56:49 info: 2444
2023-06-09 10:56:49 info: 2459
2023-06-09 10:56:49 info: 2845
2023-06-09 10:56:49 info: 2911
2023-06-09 10:56:49 info: 2945
2023-06-09 10:56:49 info: 2948
2023-06-09 10:56:50 info: 3334
2023-06-09 10:56:50 info: 3400
2023-06-09 10:56:50 info: 3431
2023-06-09 10:56:50 info: 3497
2023-06-09 10:56:50 info: 3806
2023-06-09 10:56:50 info: 3836
2023-06-09 10:57:12 info: [GET][/test] ::ffff:127.0.0.1 "HTTP/1.1" 200 4 "curl/7.68.0" 0.493 ms
2023-06-09 10:57:12 info: [GET][/test] ::ffff:127.0.0.1 "HTTP/1.1" 200 4 "curl/7.68.0" 0.191 ms
2023-06-09 10:57:12 info: [GET][/test] ::ffff:127.0.0.1 "HTTP/1.1" 200 4 "curl/7.68.0" 0.230 ms
2023-06-09 10:57:12 info: 455
2023-06-09 10:57:12 info: 463
2023-06-09 10:57:12 info: 476
2023-06-09 10:57:12 info: 518
2023-06-09 10:57:13 info: 920
2023-06-09 10:57:13 info: 963
2023-06-09 10:57:13 info: 969
2023-06-09 10:57:13 info: 992
2023-06-09 10:57:13 info: 1385
2023-06-09 10:57:13 info: 1473
2023-06-09 10:57:13 info: 1493
2023-06-09 10:57:13 info: 1498
2023-06-09 10:57:14 info: 1919
2023-06-09 10:57:14 info: 2005
2023-06-09 10:57:14 info: 2022
2023-06-09 10:57:14 info: 2022
2023-06-09 10:57:14 info: 2426
2023-06-09 10:57:14 info: 2445
2023-06-09 10:57:14 info: 2500
2023-06-09 10:57:14 info: 2543
2023-06-09 10:57:15 info: 2900
2023-06-09 10:57:15 info: 2956
2023-06-09 10:57:15 info: 2976
2023-06-09 10:57:15 info: 3031
2023-06-09 10:57:15 info: 3354
2023-06-09 10:57:15 info: 3429
2023-06-09 10:57:15 info: 3455
2023-06-09 10:57:15 info: 3512
2023-06-09 10:57:16 info: 3769
2023-06-09 10:57:16 info: 3823
2023-06-09 10:57:47 info: [GET][/test] ::ffff:127.0.0.1 "HTTP/1.1" 200 4 "curl/7.68.0" 0.414 ms
2023-06-09 10:57:47 info: [GET][/test] ::ffff:127.0.0.1 "HTTP/1.1" 200 4 "curl/7.68.0" 0.198 ms
2023-06-09 10:57:47 info: [GET][/test] ::ffff:127.0.0.1 "HTTP/1.1" 200 4 "curl/7.68.0" 0.436 ms
2023-06-09 10:57:47 info: 438
2023-06-09 10:57:47 info: 501
2023-06-09 10:57:47 info: 524
2023-06-09 10:57:47 info: 527
2023-06-09 10:57:48 info: 986
2023-06-09 10:57:48 info: 986
2023-06-09 10:57:48 info: 987
2023-06-09 10:57:48 info: 1009
2023-06-09 10:57:48 info: 1449
2023-06-09 10:57:48 info: 1477
2023-06-09 10:57:48 info: 1509
2023-06-09 10:57:48 info: 1568
2023-06-09 10:57:49 info: 1940
2023-06-09 10:57:49 info: 1958
2023-06-09 10:57:49 info: 1978
2023-06-09 10:57:49 info: 2047
2023-06-09 10:57:49 info: 2380
2023-06-09 10:57:49 info: 2452
2023-06-09 10:57:49 info: 2464
2023-06-09 10:57:49 info: 2566
2023-06-09 10:57:50 info: 2841
2023-06-09 10:57:50 info: 2963
2023-06-09 10:57:50 info: 2998
2023-06-09 10:57:50 info: 3073
2023-06-09 10:57:50 info: 3334
2023-06-09 10:57:50 info: 3434
2023-06-09 10:57:50 info: 3485
2023-06-09 10:57:50 info: 3553
2023-06-09 10:57:51 info: 3787
2023-06-09 10:57:51 info: 3844
2023-06-09 10:57:53 info: [GET][/test] ::ffff:127.0.0.1 "HTTP/1.1" 200 4 "curl/7.68.0" 0.309 ms
2023-06-09 10:57:53 info: [GET][/test] ::ffff:127.0.0.1 "HTTP/1.1" 200 4 "curl/7.68.0" 0.224 ms
2023-06-09 10:57:53 info: [GET][/test] ::ffff:127.0.0.1 "HTTP/1.1" 200 4 "curl/7.68.0" 0.328 ms
2023-06-09 10:57:54 info: 444
2023-06-09 10:57:54 info: 454
2023-06-09 10:57:54 info: 466
2023-06-09 10:57:54 info: 487
2023-06-09 10:57:54 info: 905
2023-06-09 10:57:54 info: 920
2023-06-09 10:57:54 info: 966
2023-06-09 10:57:54 info: 977
2023-06-09 10:57:55 info: 1412
2023-06-09 10:57:55 info: 1426
2023-06-09 10:57:55 info: 1454
2023-06-09 10:57:55 info: 1476
2023-06-09 10:57:55 info: 1844
2023-06-09 10:57:55 info: 1902
2023-06-09 10:57:55 info: 1937
2023-06-09 10:57:55 info: 1951
2023-06-09 10:57:56 info: 2393
2023-06-09 10:57:56 info: 2407
2023-06-09 10:57:56 info: 2417
2023-06-09 10:57:56 info: 2450
2023-06-09 10:57:56 info: 2915
2023-06-09 10:57:56 info: 2921
2023-06-09 10:57:56 info: 2921
2023-06-09 10:57:56 info: 2947
2023-06-09 10:57:57 info: 3378
2023-06-09 10:57:57 info: 3379
2023-06-09 10:57:57 info: 3404
2023-06-09 10:57:57 info: 3405
2023-06-09 10:57:57 info: 3792
2023-06-09 10:57:57 info: 3795
2023-06-09 10:58:01 info: [GET][/test] ::ffff:127.0.0.1 "HTTP/1.1" 200 4 "curl/7.68.0" 0.373 ms
2023-06-09 10:58:01 info: [GET][/test] ::ffff:127.0.0.1 "HTTP/1.1" 200 4 "curl/7.68.0" 0.232 ms
2023-06-09 10:58:01 info: [GET][/test] ::ffff:127.0.0.1 "HTTP/1.1" 200 4 "curl/7.68.0" 0.260 ms
2023-06-09 10:58:02 info: 474
2023-06-09 10:58:02 info: 487
2023-06-09 10:58:02 info: 498
2023-06-09 10:58:02 info: 511
2023-06-09 10:58:02 info: 957
2023-06-09 10:58:02 info: 988
2023-06-09 10:58:02 info: 988
2023-06-09 10:58:02 info: 1010
2023-06-09 10:58:03 info: 1418
2023-06-09 10:58:03 info: 1441
2023-06-09 10:58:03 info: 1469
2023-06-09 10:58:03 info: 1493
2023-06-09 10:58:03 info: 1953
2023-06-09 10:58:03 info: 1970
2023-06-09 10:58:03 info: 2005
2023-06-09 10:58:03 info: 2043
2023-06-09 10:58:04 info: 2431
2023-06-09 10:58:04 info: 2486
2023-06-09 10:58:04 info: 2502
2023-06-09 10:58:04 info: 2550
2023-06-09 10:58:04 info: 2942
2023-06-09 10:58:04 info: 2959
2023-06-09 10:58:04 info: 3005
2023-06-09 10:58:04 info: 3060
2023-06-09 10:58:05 info: 3431
2023-06-09 10:58:05 info: 3495
2023-06-09 10:58:05 info: 3506
2023-06-09 10:58:05 info: 3523
2023-06-09 10:58:05 info: 3866
2023-06-09 10:58:05 info: 3893
2023-06-09 10:58:22 info: [GET][/test] ::ffff:127.0.0.1 "HTTP/1.1" 200 4 "curl/7.68.0" 0.420 ms
2023-06-09 10:58:22 info: [GET][/test] ::ffff:127.0.0.1 "HTTP/1.1" 200 4 "curl/7.68.0" 0.214 ms
2023-06-09 10:58:22 info: [GET][/test] ::ffff:127.0.0.1 "HTTP/1.1" 200 4 "curl/7.68.0" 0.287 ms
2023-06-09 10:58:23 info: 468
2023-06-09 10:58:23 info: 477
2023-06-09 10:58:23 info: 499
2023-06-09 10:58:23 info: 507
2023-06-09 10:58:23 info: 923
2023-06-09 10:58:23 info: 936
2023-06-09 10:58:23 info: 943
2023-06-09 10:58:23 info: 971
2023-06-09 10:58:24 info: 1418
2023-06-09 10:58:24 info: 1477
2023-06-09 10:58:24 info: 1501
2023-06-09 10:58:24 info: 1528
2023-06-09 10:58:24 info: 1887
2023-06-09 10:58:24 info: 1935
2023-06-09 10:58:24 info: 2033
2023-06-09 10:58:24 info: 2060
2023-06-09 10:58:25 info: 2341
2023-06-09 10:58:25 info: 2389
2023-06-09 10:58:25 info: 2531
2023-06-09 10:58:25 info: 2553
2023-06-09 10:58:25 info: 2864
2023-06-09 10:58:25 info: 2911
2023-06-09 10:58:25 info: 3007
2023-06-09 10:58:25 info: 3041
2023-06-09 10:58:26 info: 3313
2023-06-09 10:58:26 info: 3380
2023-06-09 10:58:26 info: 3482
2023-06-09 10:58:26 info: 3515
2023-06-09 10:58:26 info: 3762
2023-06-09 10:58:26 info: 3811
2023-06-09 10:59:26 info: [GET][/test] ::ffff:127.0.0.1 "HTTP/1.1" 200 4 "curl/7.68.0" 0.356 ms
2023-06-09 10:59:26 info: [GET][/test] ::ffff:127.0.0.1 "HTTP/1.1" 200 4 "curl/7.68.0" 0.171 ms
2023-06-09 10:59:26 info: [GET][/test] ::ffff:127.0.0.1 "HTTP/1.1" 200 4 "curl/7.68.0" 0.204 ms
2023-06-09 10:59:26 info: 479
2023-06-09 10:59:26 info: 484
2023-06-09 10:59:26 info: 518
2023-06-09 10:59:26 info: 519
2023-06-09 10:59:27 info: 924
2023-06-09 10:59:27 info: 1014
2023-06-09 10:59:27 info: 1047
2023-06-09 10:59:27 info: 1049
2023-06-09 10:59:27 info: 1454
2023-06-09 10:59:27 info: 1519
2023-06-09 10:59:27 info: 1549
2023-06-09 10:59:27 info: 1559
2023-06-09 10:59:28 info: 1971
2023-06-09 10:59:28 info: 1984
2023-06-09 10:59:28 info: 2026
2023-06-09 10:59:28 info: 2081
2023-06-09 10:59:28 info: 2497
2023-06-09 10:59:28 info: 2497
2023-06-09 10:59:28 info: 2499
2023-06-09 10:59:28 info: 2565
2023-06-09 10:59:29 info: 2941
2023-06-09 10:59:29 info: 2969
2023-06-09 10:59:29 info: 2975
2023-06-09 10:59:29 info: 3046
2023-06-09 10:59:29 info: 3459
2023-06-09 10:59:29 info: 3480
2023-06-09 10:59:29 info: 3527
2023-06-09 10:59:29 info: 3534
2023-06-09 10:59:30 info: 3889
2023-06-09 10:59:30 info: 3900
2023-06-09 10:59:38 info: [GET][/test] ::ffff:127.0.0.1 "HTTP/1.1" 200 4 "curl/7.68.0" 0.519 ms
2023-06-09 10:59:38 info: [GET][/test] ::ffff:127.0.0.1 "HTTP/1.1" 200 4 "curl/7.68.0" 0.293 ms
2023-06-09 10:59:38 info: [GET][/test] ::ffff:127.0.0.1 "HTTP/1.1" 200 4 "curl/7.68.0" 0.259 ms
2023-06-09 10:59:38 info: [GET][/test] ::ffff:127.0.0.1 "HTTP/1.1" 200 4 "curl/7.68.0" 0.316 ms
2023-06-09 10:59:38 info: [GET][/test] ::ffff:127.0.0.1 "HTTP/1.1" 200 4 "curl/7.68.0" 0.194 ms
2023-06-09 10:59:38 info: [GET][/test] ::ffff:127.0.0.1 "HTTP/1.1" 200 4 "curl/7.68.0" 0.203 ms
2023-06-09 10:59:38 info: [GET][/test] ::ffff:127.0.0.1 "HTTP/1.1" 200 4 "curl/7.68.0" 0.341 ms
2023-06-09 10:59:38 info: [GET][/test] ::ffff:127.0.0.1 "HTTP/1.1" 200 4 "curl/7.68.0" 0.248 ms
2023-06-09 10:59:38 info: [GET][/test] ::ffff:127.0.0.1 "HTTP/1.1" 200 4 "curl/7.68.0" 0.187 ms
2023-06-09 10:59:38 info: [GET][/test] ::ffff:127.0.0.1 "HTTP/1.1" 200 4 "curl/7.68.0" 0.224 ms
2023-06-09 10:59:38 info: [GET][/test] ::ffff:127.0.0.1 "HTTP/1.1" 200 4 "curl/7.68.0" 0.214 ms
2023-06-09 10:59:38 info: [GET][/test] ::ffff:127.0.0.1 "HTTP/1.1" 200 4 "curl/7.68.0" 0.258 ms
2023-06-09 10:59:38 info: [GET][/test] ::ffff:127.0.0.1 "HTTP/1.1" 200 4 "curl/7.68.0" 0.390 ms
2023-06-09 10:59:38 info: [GET][/test] ::ffff:127.0.0.1 "HTTP/1.1" 200 4 "curl/7.68.0" 0.207 ms
2023-06-09 10:59:38 info: [GET][/test] ::ffff:127.0.0.1 "HTTP/1.1" 200 4 "curl/7.68.0" 0.193 ms
2023-06-09 10:59:38 info: [GET][/test] ::ffff:127.0.0.1 "HTTP/1.1" 200 4 "curl/7.68.0" 0.202 ms
2023-06-09 10:59:38 info: [GET][/test] ::ffff:127.0.0.1 "HTTP/1.1" 200 4 "curl/7.68.0" 0.211 ms
2023-06-09 10:59:38 info: [GET][/test] ::ffff:127.0.0.1 "HTTP/1.1" 200 4 "curl/7.68.0" 0.209 ms
2023-06-09 10:59:38 info: [GET][/test] ::ffff:127.0.0.1 "HTTP/1.1" 200 4 "curl/7.68.0" 0.344 ms
2023-06-09 10:59:38 info: [GET][/test] ::ffff:127.0.0.1 "HTTP/1.1" 200 4 "curl/7.68.0" 0.264 ms
2023-06-09 10:59:38 info: [GET][/test] ::ffff:127.0.0.1 "HTTP/1.1" 200 4 "curl/7.68.0" 0.290 ms
2023-06-09 10:59:38 info: [GET][/test] ::ffff:127.0.0.1 "HTTP/1.1" 200 4 "curl/7.68.0" 0.212 ms
2023-06-09 10:59:38 info: [GET][/test] ::ffff:127.0.0.1 "HTTP/1.1" 200 4 "curl/7.68.0" 0.292 ms
2023-06-09 10:59:38 info: [GET][/test] ::ffff:127.0.0.1 "HTTP/1.1" 200 4 "curl/7.68.0" 0.207 ms
2023-06-09 10:59:38 info: [GET][/test] ::ffff:127.0.0.1 "HTTP/1.1" 200 4 "curl/7.68.0" 0.278 ms
2023-06-09 10:59:38 info: [GET][/test] ::ffff:127.0.0.1 "HTTP/1.1" 200 4 "curl/7.68.0" 0.304 ms
2023-06-09 10:59:38 info: [GET][/test] ::ffff:127.0.0.1 "HTTP/1.1" 200 4 "curl/7.68.0" 0.273 ms
2023-06-09 10:59:38 info: [GET][/test] ::ffff:127.0.0.1 "HTTP/1.1" 200 4 "curl/7.68.0" 0.360 ms
2023-06-09 10:59:38 info: [GET][/test] ::ffff:127.0.0.1 "HTTP/1.1" 200 4 "curl/7.68.0" 0.267 ms
2023-06-09 10:59:38 info: [GET][/test] ::ffff:127.0.0.1 "HTTP/1.1" 200 4 "curl/7.68.0" 0.459 ms
2023-06-09 10:59:38 info: [GET][/test] ::ffff:127.0.0.1 "HTTP/1.1" 200 4 "curl/7.68.0" 0.420 ms
2023-06-09 10:59:38 info: [GET][/test] ::ffff:127.0.0.1 "HTTP/1.1" 200 4 "curl/7.68.0" 0.312 ms
2023-06-09 10:59:38 info: [GET][/test] ::ffff:127.0.0.1 "HTTP/1.1" 200 4 "curl/7.68.0" 0.370 ms
2023-06-09 10:59:38 info: [GET][/test] ::ffff:127.0.0.1 "HTTP/1.1" 200 4 "curl/7.68.0" 0.282 ms
2023-06-09 10:59:38 info: [GET][/test] ::ffff:127.0.0.1 "HTTP/1.1" 200 4 "curl/7.68.0" 0.300 ms
2023-06-09 10:59:38 info: [GET][/test] ::ffff:127.0.0.1 "HTTP/1.1" 200 4 "curl/7.68.0" 0.245 ms
2023-06-09 10:59:38 info: [GET][/test] ::ffff:127.0.0.1 "HTTP/1.1" 200 4 "curl/7.68.0" 0.206 ms
2023-06-09 10:59:38 info: [GET][/test] ::ffff:127.0.0.1 "HTTP/1.1" 200 4 "curl/7.68.0" 0.282 ms
2023-06-09 10:59:38 info: [GET][/test] ::ffff:127.0.0.1 "HTTP/1.1" 200 4 "curl/7.68.0" 0.237 ms
2023-06-09 10:59:38 info: [GET][/test] ::ffff:127.0.0.1 "HTTP/1.1" 200 4 "curl/7.68.0" 0.219 ms
2023-06-09 10:59:38 info: [GET][/test] ::ffff:127.0.0.1 "HTTP/1.1" 200 4 "curl/7.68.0" 0.276 ms
2023-06-09 10:59:38 info: [GET][/test] ::ffff:127.0.0.1 "HTTP/1.1" 200 4 "curl/7.68.0" 0.226 ms
2023-06-09 10:59:38 info: [GET][/test] ::ffff:127.0.0.1 "HTTP/1.1" 200 4 "curl/7.68.0" 1.239 ms
2023-06-09 10:59:38 info: [GET][/test] ::ffff:127.0.0.1 "HTTP/1.1" 200 4 "curl/7.68.0" 0.270 ms
2023-06-09 10:59:38 info: [GET][/test] ::ffff:127.0.0.1 "HTTP/1.1" 200 4 "curl/7.68.0" 0.284 ms
2023-06-09 10:59:39 info: 480
2023-06-09 10:59:39 info: 483
2023-06-09 10:59:39 info: 494
2023-06-09 10:59:39 info: 494
2023-06-09 10:59:39 info: 945
2023-06-09 10:59:39 info: 971
2023-06-09 10:59:39 info: 979
2023-06-09 10:59:39 info: 1027
2023-06-09 10:59:40 info: 1439
2023-06-09 10:59:40 info: 1455
2023-06-09 10:59:40 info: 1459
2023-06-09 10:59:40 info: 1555
2023-06-09 10:59:40 info: 1920
2023-06-09 10:59:40 info: 1922
2023-06-09 10:59:40 info: 1960
2023-06-09 10:59:40 info: 2071
2023-06-09 10:59:41 info: 2375
2023-06-09 10:59:41 info: 2402
2023-06-09 10:59:41 info: 2439
2023-06-09 10:59:41 info: 2557
2023-06-09 10:59:41 info: 2913
2023-06-09 10:59:41 info: 2967
2023-06-09 10:59:41 info: 2990
2023-06-09 10:59:41 info: 3031
2023-06-09 10:59:42 info: 3490
2023-06-09 10:59:42 info: 3504
2023-06-09 10:59:42 info: 3509
2023-06-09 10:59:42 info: 3511
2023-06-09 10:59:42 info: 3997
2023-06-09 10:59:42 info: 3998
2023-06-09 10:59:42 info: 4017
2023-06-09 10:59:42 info: 4035
2023-06-09 10:59:43 info: 4476
2023-06-09 10:59:43 info: 4488
2023-06-09 10:59:43 info: 4504
2023-06-09 10:59:43 info: 4558
2023-06-09 10:59:43 info: 4971
2023-06-09 10:59:43 info: 4992
2023-06-09 10:59:43 info: 5023
2023-06-09 10:59:43 info: 5024
2023-06-09 10:59:44 info: 5472
2023-06-09 10:59:44 info: 5483
2023-06-09 10:59:44 info: 5483
2023-06-09 10:59:44 info: 5526
2023-06-09 10:59:44 info: 5954
2023-06-09 10:59:44 info: 5965
2023-06-09 10:59:44 info: 6007
2023-06-09 10:59:44 info: 6019
2023-06-09 10:59:45 info: 6459
2023-06-09 10:59:45 info: 6474
2023-06-09 10:59:45 info: 6512
2023-06-09 10:59:45 info: 6533
2023-06-09 10:59:45 info: 6946
2023-06-09 10:59:45 info: 6981
2023-06-09 10:59:45 info: 7002
2023-06-09 10:59:45 info: 7033
2023-06-09 10:59:46 info: 7465
2023-06-09 10:59:46 info: 7476
2023-06-09 10:59:46 info: 7480
2023-06-09 10:59:46 info: 7560
2023-06-09 10:59:46 info: 7907
2023-06-09 10:59:46 info: 8004
2023-06-09 10:59:46 info: 8028
2023-06-09 10:59:46 info: 8028
2023-06-09 10:59:47 info: 8450
2023-06-09 10:59:47 info: 8474
2023-06-09 10:59:47 info: 8489
2023-06-09 10:59:47 info: 8553
2023-06-09 10:59:47 info: 8924
2023-06-09 10:59:47 info: 8968
2023-06-09 10:59:47 info: 8967
2023-06-09 10:59:47 info: 9008
2023-06-09 10:59:48 info: 9415
2023-06-09 10:59:48 info: 9431
2023-06-09 10:59:48 info: 9441
2023-06-09 10:59:48 info: 9551
2023-06-09 10:59:48 info: 9928
2023-06-09 10:59:48 info: 9944
2023-06-09 10:59:48 info: 9953
2023-06-09 10:59:48 info: 10033
2023-06-09 10:59:49 info: 10369
2023-06-09 10:59:49 info: 10452
2023-06-09 10:59:49 info: 10508
2023-06-09 10:59:49 info: 10567
2023-06-09 10:59:49 info: 10867
2023-06-09 10:59:49 info: 10986
2023-06-09 10:59:49 info: 11019
2023-06-09 10:59:49 info: 11042
2023-06-09 10:59:50 info: 11348
2023-06-09 10:59:50 info: 11453
2023-06-09 10:59:50 info: 11505
2023-06-09 10:59:50 info: 11542
2023-06-09 10:59:50 info: 11798
2023-06-09 10:59:50 info: 11940
2023-06-09 10:59:50 info: 11983
2023-06-09 10:59:50 info: 11986
2023-06-09 10:59:51 info: 12268
2023-06-09 10:59:51 info: 12474
2023-06-09 10:59:51 info: 12484
2023-06-09 10:59:51 info: 12490
2023-06-09 10:59:51 info: 12749
2023-06-09 10:59:51 info: 12978
2023-06-09 10:59:51 info: 12996
2023-06-09 10:59:51 info: 13020
2023-06-09 10:59:52 info: 13251
2023-06-09 10:59:52 info: 13488
2023-06-09 10:59:52 info: 13489
2023-06-09 10:59:52 info: 13539
2023-06-09 10:59:52 info: 13749
2023-06-09 10:59:52 info: 13962
2023-06-09 10:59:52 info: 14004
2023-06-09 10:59:52 info: 14012
2023-06-09 10:59:53 info: 14232
2023-06-09 10:59:53 info: 14468
2023-06-09 10:59:53 info: 14484
2023-06-09 10:59:53 info: 14507
2023-06-09 10:59:53 info: 14714
2023-06-09 10:59:53 info: 15017
2023-06-09 10:59:53 info: 15021
2023-06-09 10:59:53 info: 15038
2023-06-09 10:59:53 info: 15189
2023-06-09 10:59:54 info: 15491
2023-06-09 10:59:54 info: 15508
2023-06-09 10:59:54 info: 15537
2023-06-09 10:59:54 info: 15670
2023-06-09 10:59:54 info: 15964
2023-06-09 10:59:54 info: 16063
2023-06-09 10:59:54 info: 16083
2023-06-09 10:59:54 info: 16137
2023-06-09 10:59:55 info: 16503
2023-06-09 10:59:55 info: 16590
2023-06-09 10:59:55 info: 16598
2023-06-09 10:59:55 info: 16607
2023-06-09 10:59:55 info: 17096
2023-06-09 10:59:55 info: 17115
2023-06-09 10:59:55 info: 17159
2023-06-09 10:59:55 info: 17175
2023-06-09 10:59:56 info: 17597
2023-06-09 10:59:56 info: 17599
2023-06-09 10:59:56 info: 17646
2023-06-09 10:59:56 info: 17694
2023-06-09 10:59:56 info: 18071
2023-06-09 10:59:56 info: 18089
2023-06-09 10:59:56 info: 18182
2023-06-09 10:59:57 info: 18221
2023-06-09 10:59:57 info: 18596
2023-06-09 10:59:57 info: 18617
2023-06-09 10:59:57 info: 18685
2023-06-09 10:59:57 info: 18734
2023-06-09 10:59:57 info: 19094
2023-06-09 10:59:57 info: 19122
2023-06-09 10:59:58 info: 19191
2023-06-09 10:59:58 info: 19203
2023-06-09 10:59:58 info: 19603
2023-06-09 10:59:58 info: 19614
2023-06-09 10:59:58 info: 19697
2023-06-09 10:59:58 info: 19699
2023-06-09 10:59:58 info: 20151
2023-06-09 10:59:58 info: 20176
2023-06-09 10:59:59 info: 20198
2023-06-09 10:59:59 info: 20300
2023-06-09 10:59:59 info: 20624
2023-06-09 10:59:59 info: 20649
2023-06-09 10:59:59 info: 20694
2023-06-09 10:59:59 info: 20805
2023-06-09 10:59:59 info: 21124
2023-06-09 10:59:59 info: 21174
2023-06-09 11:00:00 info: 21229
2023-06-09 11:00:00 info: 21340
2023-06-09 11:00:00 info: 21570
2023-06-09 11:00:00 info: 21696
2023-06-09 11:00:00 info: 21707
2023-06-09 11:00:00 info: 21836
2023-06-09 11:00:00 info: 22051
2023-06-09 11:00:01 info: 22193
2023-06-09 11:00:01 info: 22232
2023-06-09 11:00:01 info: 22352
2023-06-09 11:00:01 info: 22471
2023-06-09 11:00:01 info: 22699
2023-06-09 11:00:01 info: 22705
2023-06-09 11:00:01 info: 22816
2023-06-09 11:00:01 info: 23008
2023-06-09 11:00:02 info: 23218
2023-06-09 11:00:02 info: 23265
2023-06-09 11:00:02 info: 23269
2023-06-09 11:00:02 info: 23549
2023-06-09 11:00:02 info: 23683
2023-06-09 11:00:02 info: 23719
2023-06-09 11:00:02 info: 23791
2023-06-09 11:00:02 info: 24050
2023-06-09 11:00:03 info: 24190
2023-06-09 11:00:03 info: 24211
2023-06-09 11:00:03 info: 24288
2023-06-09 11:00:03 info: 24622
2023-06-09 11:00:03 info: 24638
2023-06-09 11:00:03 info: 24744
2023-06-09 11:00:03 info: 24767
2023-06-09 11:00:03 info: 25108
2023-06-09 11:00:03 info: 25128
2023-06-09 11:00:04 info: 25294
2023-06-09 11:00:04 info: 25303
2023-06-09 11:00:04 info: 25631
2023-06-09 11:00:04 info: 25648
2023-06-09 11:00:04 info: 25764
2023-06-09 11:00:04 info: 25769
2023-06-09 11:00:04 info: 26135
2023-06-09 11:00:05 info: 26187
2023-06-09 11:00:05 info: 26231
2023-06-09 11:00:05 info: 26313
2023-06-09 11:00:05 info: 26657
2023-06-09 11:00:05 info: 26700
2023-06-09 11:00:05 info: 26716
2023-06-09 11:00:05 info: 26786
2023-06-09 11:00:05 info: 27124
2023-06-09 11:00:06 info: 27233
2023-06-09 11:00:06 info: 27324
2023-06-09 11:00:06 info: 27346
2023-06-09 11:00:06 info: 27692
2023-06-09 11:00:06 info: 27789
2023-06-09 11:00:06 info: 27829
2023-06-09 11:00:06 info: 27860
2023-06-09 11:00:07 info: 28245
2023-06-09 11:00:07 info: 28275
2023-06-09 11:00:07 info: 28382
2023-06-09 11:00:07 info: 28441
2023-06-09 11:00:07 info: 28761
2023-06-09 11:00:07 info: 28810
2023-06-09 11:00:07 info: 28912
2023-06-09 11:00:07 info: 28931
2023-06-09 11:00:08 info: 29237
2023-06-09 11:00:08 info: 29356
2023-06-09 11:00:08 info: 29413
2023-06-09 11:00:08 info: 29435
2023-06-09 11:00:08 info: 29781
2023-06-09 11:00:08 info: 29787
2023-06-09 11:00:08 info: 29905
2023-06-09 11:00:08 info: 29945
2023-06-09 11:00:09 info: 30314
2023-06-09 11:00:09 info: 30384
2023-06-09 11:00:09 info: 30396
2023-06-09 11:00:09 info: 30467
2023-06-09 11:00:09 info: 30805
2023-06-09 11:00:09 info: 30860
2023-06-09 11:00:09 info: 30880
2023-06-09 11:00:09 info: 30921
2023-06-09 11:00:10 info: 31300
2023-06-09 11:00:10 info: 31347
2023-06-09 11:00:10 info: 31388
2023-06-09 11:00:10 info: 31419
2023-06-09 11:00:10 info: 31852
2023-06-09 11:00:10 info: 31869
2023-06-09 11:00:10 info: 31957
2023-06-09 11:00:10 info: 31969
2023-06-09 11:00:11 info: 32319
2023-06-09 11:00:11 info: 32392
2023-06-09 11:00:11 info: 32441
2023-06-09 11:00:11 info: 32442
2023-06-09 11:00:11 info: 32774
2023-06-09 11:00:11 info: 32927
2023-06-09 11:00:11 info: 32935
2023-06-09 11:00:11 info: 32937
2023-06-09 11:00:12 info: 33275
2023-06-09 11:00:12 info: 33420
2023-06-09 11:00:12 info: 33421
2023-06-09 11:00:12 info: 33425
2023-06-09 11:00:12 info: 33840
2023-06-09 11:00:12 info: 33923
2023-06-09 11:00:12 info: 33961
2023-06-09 11:00:12 info: 33973
2023-06-09 11:00:13 info: 34363
2023-06-09 11:00:13 info: 34423
2023-06-09 11:00:13 info: 34438
2023-06-09 11:00:13 info: 34485
2023-06-09 11:00:13 info: 34852
2023-06-09 11:00:13 info: 34895
2023-06-09 11:00:13 info: 34975
2023-06-09 11:00:13 info: 34986
2023-06-09 11:00:14 info: 35390
2023-06-09 11:00:14 info: 35435
2023-06-09 11:00:14 info: 35466
2023-06-09 11:00:14 info: 35482
2023-06-09 11:00:14 info: 35917
2023-06-09 11:00:14 info: 35953
2023-06-09 11:00:14 info: 35955
2023-06-09 11:00:14 info: 35993
2023-06-09 11:00:15 info: 36421
2023-06-09 11:00:15 info: 36453
2023-06-09 11:00:15 info: 36460
2023-06-09 11:00:15 info: 36504
2023-06-09 11:00:15 info: 36939
2023-06-09 11:00:15 info: 36974
2023-06-09 11:00:15 info: 36981
2023-06-09 11:00:15 info: 36993
2023-06-09 11:00:16 info: 37422
2023-06-09 11:00:16 info: 37438
2023-06-09 11:00:16 info: 37440
2023-06-09 11:00:16 info: 37481
2023-06-09 11:00:16 info: 37873
2023-06-09 11:00:16 info: 37890
2023-06-09 11:00:16 info: 37962
2023-06-09 11:00:16 info: 37995
2023-06-09 11:00:17 info: 38354
2023-06-09 11:00:17 info: 38409
2023-06-09 11:00:17 info: 38491
2023-06-09 11:00:17 info: 38505
2023-06-09 11:00:17 info: 38864
2023-06-09 11:00:17 info: 38883
2023-06-09 11:00:17 info: 38968
2023-06-09 11:00:17 info: 39025
2023-06-09 11:00:18 info: 39404
2023-06-09 11:00:18 info: 39427
2023-06-09 11:00:18 info: 39459
2023-06-09 11:00:18 info: 39570
2023-06-09 11:00:18 info: 39827
2023-06-09 11:00:18 info: 39947
2023-06-09 11:00:18 info: 39972
2023-06-09 11:00:18 info: 40052
2023-06-09 11:00:19 info: 40361
2023-06-09 11:00:19 info: 40449
2023-06-09 11:00:19 info: 40449
2023-06-09 11:00:19 info: 40585
2023-06-09 11:00:19 info: 40780
2023-06-09 11:00:19 info: 40897
2023-06-09 11:00:19 info: 40935
2023-06-09 11:00:19 info: 41064
2023-06-09 11:00:20 info: 41256
2023-06-09 11:00:20 info: 41420
2023-06-09 11:00:20 info: 41431
2023-06-09 11:00:20 info: 41601
2023-06-09 11:00:20 info: 41725
2023-06-09 11:00:20 info: 41878
2023-06-09 11:00:20 info: 41880
2023-06-09 11:00:20 info: 42038
2023-06-09 11:00:21 info: 42250
2023-06-09 11:00:21 info: 42397
2023-06-09 11:00:21 info: 42431
2023-06-09 11:00:21 info: 42570
2023-06-09 11:00:21 info: 42819
2023-06-09 11:00:21 info: 42895
2023-06-09 11:00:21 info: 42904
2023-06-09 11:00:21 info: 42989
2023-06-09 11:00:22 info: 43298
2023-06-09 11:00:22 info: 43441
2023-06-09 11:00:22 info: 43458
2023-06-09 11:00:22 info: 43536
2023-06-09 11:00:22 info: 43748
2023-06-09 11:00:22 info: 43956
2023-06-09 11:00:22 info: 43997
2023-06-09 11:00:22 info: 44037
2023-06-09 11:00:23 info: 44258
2023-06-09 11:00:23 info: 44478
2023-06-09 11:00:23 info: 44493
2023-06-09 11:00:23 info: 44538
2023-06-09 11:00:23 info: 44720
2023-06-09 11:00:23 info: 44946
2023-06-09 11:00:23 info: 45011
2023-06-09 11:00:23 info: 45048
2023-06-09 11:00:24 info: 45245
2023-06-09 11:00:24 info: 45434
2023-06-09 11:00:24 info: 45536
2023-06-09 11:00:24 info: 45542
2023-06-09 11:00:24 info: 45714
2023-06-09 11:00:24 info: 45881
2023-06-09 11:00:24 info: 46007
2023-06-09 11:00:24 info: 46083
2023-06-09 11:00:25 info: 46238
2023-06-09 11:00:25 info: 46352
2023-06-09 11:00:25 info: 46486
2023-06-09 11:00:25 info: 46582
2023-06-09 11:00:25 info: 46731
2023-06-09 11:00:25 info: 46907
2023-06-09 11:00:25 info: 47008
2023-06-09 11:00:25 info: 47030
2023-06-09 11:00:26 info: 47197
2023-06-09 11:00:26 info: 47365
2023-06-09 11:00:26 info: 47465
2023-06-09 11:00:26 info: 47479
2023-06-09 11:00:26 info: 47711
2023-06-09 11:00:26 info: 47847
2023-06-09 11:00:26 info: 47930
2023-06-09 11:00:26 info: 47932
2023-06-09 11:00:27 info: 48221
2023-06-09 11:00:27 info: 48427
2023-06-09 11:00:27 info: 48431
2023-06-09 11:00:27 info: 48488
2023-06-09 11:00:27 info: 48765
2023-06-09 11:00:27 info: 48894
2023-06-09 11:00:27 info: 48989
2023-06-09 11:00:27 info: 49006
2023-06-09 11:00:28 info: 49293
2023-06-09 11:00:28 info: 49433
2023-06-09 11:00:28 info: 49527
2023-06-09 11:00:28 info: 49575
2023-06-09 11:00:28 info: 49836
2023-06-09 11:00:28 info: 49958
2023-06-09 11:00:28 info: 50035
2023-06-09 11:00:28 info: 50039
2023-06-09 11:00:29 info: 50313
2023-06-09 11:00:29 info: 50473
2023-06-09 11:00:29 info: 50523
2023-06-09 11:00:29 info: 50537
2023-06-09 11:00:29 info: 50797
2023-06-09 11:00:29 info: 51031
2023-06-09 11:00:29 info: 51032
2023-06-09 11:00:29 info: 51036
2023-06-09 11:00:30 info: 51308
2023-06-09 11:00:30 info: 51509
2023-06-09 11:00:30 info: 51551
2023-06-09 11:00:30 info: 51555
2023-06-09 11:00:30 info: 51844
2023-06-09 11:00:30 info: 51977
2023-06-09 11:00:30 info: 52050
2023-06-09 11:00:30 info: 52082
2023-06-09 11:00:31 info: 52271
2023-06-09 11:00:31 info: 52502
2023-06-09 11:00:31 info: 52538
2023-06-09 11:00:31 info: 52540
2023-06-09 11:00:31 info: 52754
2023-06-09 11:00:31 info: 52977
2023-06-09 11:00:31 info: 53029
2023-06-09 11:00:31 info: 53051
2023-06-09 11:00:32 info: 53184
2023-06-09 11:00:32 info: 53444
2023-06-09 11:00:32 info: 53486
2023-06-09 11:00:32 info: 53591
2023-06-09 11:00:32 info: 53695
2023-06-09 11:00:32 info: 53984
2023-06-09 11:00:32 info: 53996
2023-06-09 11:00:32 info: 54086
2023-06-09 11:00:33 info: 54170
2023-06-09 11:00:33 info: 54463
2023-06-09 11:00:33 info: 54484
2023-06-09 11:00:33 info: 54534
2023-06-09 11:00:33 info: 54674
2023-06-09 11:00:33 info: 54933
2023-06-09 11:00:33 info: 54935
2023-06-09 11:00:33 info: 54989
2023-06-09 11:00:34 info: 55167
2023-06-09 11:00:34 info: 55438
2023-06-09 11:00:34 info: 55468
2023-06-09 11:00:34 info: 55538
2023-06-09 11:00:34 info: 55663
2023-06-09 11:00:34 info: 55960
2023-06-09 11:00:34 info: 55999
2023-06-09 11:00:34 info: 56005
2023-06-09 11:00:35 info: 56216
2023-06-09 11:00:35 info: 56511
2023-06-09 11:00:35 info: 56540
2023-06-09 11:00:35 info: 56541
2023-06-09 11:00:35 info: 56681
2023-06-09 11:00:51 info: [GET][/test] ::ffff:127.0.0.1 "HTTP/1.1" 200 4 "curl/7.68.0" 0.378 ms
2023-06-09 11:00:51 info: [GET][/test] ::ffff:127.0.0.1 "HTTP/1.1" 200 4 "curl/7.68.0" 0.225 ms
2023-06-09 11:00:51 info: [GET][/test] ::ffff:127.0.0.1 "HTTP/1.1" 200 4 "curl/7.68.0" 0.274 ms
2023-06-09 11:00:51 info: 479
2023-06-09 11:00:51 info: 485
2023-06-09 11:00:51 info: 515
2023-06-09 11:00:51 info: 523
2023-06-09 11:00:52 info: 924
2023-06-09 11:00:52 info: 997
2023-06-09 11:00:52 info: 1054
2023-06-09 11:00:52 info: 1114
2023-06-09 11:00:52 info: 1379
2023-06-09 11:00:52 info: 1531
2023-06-09 11:00:52 info: 1563
2023-06-09 11:00:52 info: 1571
2023-06-09 11:00:53 info: 1872
2023-06-09 11:00:53 info: 2032
2023-06-09 11:00:53 info: 2046
2023-06-09 11:00:53 info: 2090
2023-06-09 11:00:53 info: 2392
2023-06-09 11:00:53 info: 2532
2023-06-09 11:00:53 info: 2536
2023-06-09 11:00:54 info: 2654
2023-06-09 11:00:54 info: 2894
2023-06-09 11:00:54 info: 2943
2023-06-09 11:00:54 info: 3004
2023-06-09 11:00:54 info: 3180
2023-06-09 11:00:54 info: 3405
2023-06-09 11:00:54 info: 3535
2023-06-09 11:00:54 info: 3567
2023-06-09 11:00:55 info: 3745
2023-06-09 11:00:55 info: 3878
2023-06-09 11:00:55 info: 3962
2023-06-09 11:00:59 info: [GET][/test] ::ffff:127.0.0.1 "HTTP/1.1" 200 4 "curl/7.68.0" 0.437 ms
2023-06-09 11:00:59 info: [GET][/test] ::ffff:127.0.0.1 "HTTP/1.1" 200 4 "curl/7.68.0" 0.231 ms
2023-06-09 11:00:59 info: [GET][/test] ::ffff:127.0.0.1 "HTTP/1.1" 200 4 "curl/7.68.0" 0.235 ms
2023-06-09 11:01:00 info: 470
2023-06-09 11:01:00 info: 492
2023-06-09 11:01:00 info: 503
2023-06-09 11:01:00 info: 510
2023-06-09 11:01:00 info: 949
2023-06-09 11:01:00 info: 960
2023-06-09 11:01:00 info: 981
2023-06-09 11:01:00 info: 1054
2023-06-09 11:01:01 info: 1404
2023-06-09 11:01:01 info: 1468
2023-06-09 11:01:01 info: 1483
2023-06-09 11:01:01 info: 1579
2023-06-09 11:01:01 info: 1888
2023-06-09 11:01:01 info: 2060
2023-06-09 11:01:01 info: 2066
2023-06-09 11:01:01 info: 2090
2023-06-09 11:01:02 info: 2373
2023-06-09 11:01:02 info: 2520
2023-06-09 11:01:02 info: 2549
2023-06-09 11:01:02 info: 2575
2023-06-09 11:01:02 info: 2873
2023-06-09 11:01:02 info: 3012
2023-06-09 11:01:02 info: 3050
2023-06-09 11:01:02 info: 3105
2023-06-09 11:01:03 info: 3389
2023-06-09 11:01:03 info: 3486
2023-06-09 11:01:03 info: 3546
2023-06-09 11:01:03 info: 3614
2023-06-09 11:01:03 info: 3817
2023-06-09 11:01:03 info: 3895
2023-06-09 11:01:05 info: [GET][/test] ::ffff:127.0.0.1 "HTTP/1.1" 200 4 "curl/7.68.0" 0.432 ms
2023-06-09 11:01:05 info: [GET][/test] ::ffff:127.0.0.1 "HTTP/1.1" 200 4 "curl/7.68.0" 0.177 ms
2023-06-09 11:01:05 info: [GET][/test] ::ffff:127.0.0.1 "HTTP/1.1" 200 4 "curl/7.68.0" 0.242 ms
2023-06-09 11:01:06 info: 463
2023-06-09 11:01:06 info: 471
2023-06-09 11:01:06 info: 482
2023-06-09 11:01:06 info: 487
2023-06-09 11:01:06 info: 956
2023-06-09 11:01:06 info: 1005
2023-06-09 11:01:06 info: 1035
2023-06-09 11:01:06 info: 1061
2023-06-09 11:01:07 info: 1465
2023-06-09 11:01:07 info: 1478
2023-06-09 11:01:07 info: 1486
2023-06-09 11:01:07 info: 1547
2023-06-09 11:01:07 info: 1931
2023-06-09 11:01:07 info: 1932
2023-06-09 11:01:07 info: 2013
2023-06-09 11:01:07 info: 2060
2023-06-09 11:01:07 info: 2390
2023-06-09 11:01:07 info: 2408
2023-06-09 11:01:08 info: 2498
2023-06-09 11:01:08 info: 2520
2023-06-09 11:01:08 info: 2878
2023-06-09 11:01:08 info: 2901
2023-06-09 11:01:08 info: 3017
2023-06-09 11:01:08 info: 3139
2023-06-09 11:01:08 info: [GET][/test] ::ffff:127.0.0.1 "HTTP/1.1" 200 4 "curl/7.68.0" 0.264 ms
2023-06-09 11:01:08 info: [GET][/test] ::ffff:127.0.0.1 "HTTP/1.1" 200 4 "curl/7.68.0" 0.438 ms
2023-06-09 11:01:08 info: [GET][/test] ::ffff:127.0.0.1 "HTTP/1.1" 200 4 "curl/7.68.0" 0.245 ms
2023-06-09 11:01:08 info: 3393
2023-06-09 11:01:08 info: 3428
2023-06-09 11:01:09 info: 3481
2023-06-09 11:01:09 info: 3660
2023-06-09 11:01:09 info: 3873
2023-06-09 11:01:09 info: 3942
2023-06-09 11:01:09 info: 765
2023-06-09 11:01:09 info: 953
2023-06-09 11:01:09 info: 1195
2023-06-09 11:01:10 info: 1305
2023-06-09 11:01:10 info: 1326
2023-06-09 11:01:10 info: 1470
2023-06-09 11:01:10 info: 1732
2023-06-09 11:01:10 info: 1769
2023-06-09 11:01:10 info: 1901
2023-06-09 11:01:10 info: 1959
2023-06-09 11:01:10 info: 2178
2023-06-09 11:01:10 info: 2208
2023-06-09 11:01:11 info: 2362
2023-06-09 11:01:11 info: 2442
2023-06-09 11:01:11 info: 2677
2023-06-09 11:01:11 info: 2768
2023-06-09 11:01:11 info: 2828
2023-06-09 11:01:11 info: 2919
2023-06-09 11:01:11 info: 3124
2023-06-09 11:01:12 info: 3280
2023-06-09 11:01:12 info: 3406
2023-06-09 11:01:12 info: 3445
2023-06-09 11:01:12 info: 3570
2023-06-09 11:01:12 info: 3710
2023-06-09 11:01:12 info: 3866
2023-06-09 11:01:12 info: 3962
2023-06-09 11:01:12 info: 4067
2023-06-09 11:01:12 info: 4174
2023-06-09 11:01:13 info: 4354
2023-06-09 11:01:13 info: 4416
2023-06-09 11:02:39 info: [GET][/test] ::ffff:127.0.0.1 "HTTP/1.1" 200 4 "curl/7.68.0" 0.461 ms
2023-06-09 11:02:39 info: [GET][/test] ::ffff:127.0.0.1 "HTTP/1.1" 200 4 "curl/7.68.0" 0.191 ms
2023-06-09 11:02:39 info: [GET][/test] ::ffff:127.0.0.1 "HTTP/1.1" 200 4 "curl/7.68.0" 0.267 ms
2023-06-09 11:02:39 info: 470
2023-06-09 11:02:39 info: 520
2023-06-09 11:02:39 info: 526
2023-06-09 11:02:39 info: 564
2023-06-09 11:02:40 info: 954
2023-06-09 11:02:40 info: 1046
2023-06-09 11:02:40 info: 1062
2023-06-09 11:02:40 info: 1117
2023-06-09 11:02:40 info: 1419
2023-06-09 11:02:40 info: 1525
2023-06-09 11:02:40 info: 1602
2023-06-09 11:02:40 info: 1613
2023-06-09 11:02:41 info: 1951
2023-06-09 11:02:41 info: 2009
2023-06-09 11:02:41 info: 2079
2023-06-09 11:02:41 info: 2098
2023-06-09 11:02:41 info: 2469
2023-06-09 11:02:41 info: 2511
2023-06-09 11:02:41 info: 2548
2023-06-09 11:02:41 info: 2571
2023-06-09 11:02:42 info: 3008
2023-06-09 11:02:42 info: 3028
2023-06-09 11:02:42 info: 3087
2023-06-09 11:02:42 info: 3106
2023-06-09 11:02:42 info: 3517
2023-06-09 11:02:42 info: 3536
2023-06-09 11:02:42 info: 3606
2023-06-09 11:02:42 info: 3629
2023-06-09 11:02:43 info: 3944
2023-06-09 11:02:43 info: 3966
2023-06-09 11:02:57 info: [GET][/test] ::ffff:127.0.0.1 "HTTP/1.1" 200 4 "curl/7.68.0" 0.366 ms
2023-06-09 11:02:57 info: [GET][/test] ::ffff:127.0.0.1 "HTTP/1.1" 200 4 "curl/7.68.0" 0.297 ms
2023-06-09 11:02:57 info: [GET][/test] ::ffff:127.0.0.1 "HTTP/1.1" 200 4 "curl/7.68.0" 0.314 ms
2023-06-09 11:02:58 info: 437
2023-06-09 11:02:58 info: 456
2023-06-09 11:02:58 info: 500
2023-06-09 11:02:58 info: 515
2023-06-09 11:02:58 info: 892
2023-06-09 11:02:58 info: 975
2023-06-09 11:02:58 info: 995
2023-06-09 11:02:58 info: 1007
2023-06-09 11:02:59 info: 1387
2023-06-09 11:02:59 info: 1455
2023-06-09 11:02:59 info: 1479
2023-06-09 11:02:59 info: 1518
2023-06-09 11:02:59 info: 1894
2023-06-09 11:02:59 info: 1930
2023-06-09 11:02:59 info: 1972
2023-06-09 11:03:00 info: 2062
2023-06-09 11:03:00 info: 2412
2023-06-09 11:03:00 info: 2430
2023-06-09 11:03:00 info: 2443
2023-06-09 11:03:00 info: 2536
2023-06-09 11:03:00 info: 2905
2023-06-09 11:03:00 info: 2959
2023-06-09 11:03:00 info: 3011
2023-06-09 11:03:01 info: 3059
2023-06-09 11:03:01 info: 3390
2023-06-09 11:03:01 info: 3441
2023-06-09 11:03:01 info: 3492
2023-06-09 11:03:01 info: 3537
2023-06-09 11:03:01 info: 3830
2023-06-09 11:03:01 info: 3858
2023-06-09 11:08:28 info: [GET][/test] ::ffff:127.0.0.1 "HTTP/1.1" 200 4 "curl/7.68.0" 0.474 ms
2023-06-09 11:08:28 info: [GET][/test] ::ffff:127.0.0.1 "HTTP/1.1" 200 4 "curl/7.68.0" 0.156 ms
2023-06-09 11:08:28 info: [GET][/test] ::ffff:127.0.0.1 "HTTP/1.1" 200 4 "curl/7.68.0" 0.168 ms
2023-06-09 11:08:29 info: 480
2023-06-09 11:08:29 info: 484
2023-06-09 11:08:29 info: 497
2023-06-09 11:08:29 info: 551
2023-06-09 11:08:29 info: 983
2023-06-09 11:08:29 info: 1013
2023-06-09 11:08:29 info: 1043
2023-06-09 11:08:29 info: 1103
2023-06-09 11:08:30 info: 1497
2023-06-09 11:08:30 info: 1503
2023-06-09 11:08:30 info: 1516
2023-06-09 11:08:30 info: 1594
2023-06-09 11:08:30 info: 2038
2023-06-09 11:08:30 info: 2048
2023-06-09 11:08:30 info: 2063
2023-06-09 11:08:31 info: 2153
2023-06-09 11:08:31 info: 2497
2023-06-09 11:08:31 info: 2548
2023-06-09 11:08:31 info: 2634
2023-06-09 11:08:31 info: 2663
2023-06-09 11:08:31 info: 3000
2023-06-09 11:08:31 info: 3082
2023-06-09 11:08:32 info: 3151
2023-06-09 11:08:32 info: 3168
2023-06-09 11:08:32 info: 3496
2023-06-09 11:08:32 info: 3607
2023-06-09 11:08:32 info: 3634
2023-06-09 11:08:32 info: 3673
2023-06-09 11:08:32 info: 3984
2023-06-09 11:08:32 info: 4020
2023-06-09 11:08:39 info: [GET][/test] ::ffff:127.0.0.1 "HTTP/1.1" 200 4 "curl/7.68.0" 0.357 ms
2023-06-09 11:08:39 info: [GET][/test] ::ffff:127.0.0.1 "HTTP/1.1" 200 4 "curl/7.68.0" 0.243 ms
2023-06-09 11:08:39 info: [GET][/test] ::ffff:127.0.0.1 "HTTP/1.1" 200 4 "curl/7.68.0" 0.314 ms
2023-06-09 11:08:40 info: 462
2023-06-09 11:08:40 info: 488
2023-06-09 11:08:40 info: 504
2023-06-09 11:08:40 info: 527
2023-06-09 11:08:40 info: 986
2023-06-09 11:08:40 info: 1000
2023-06-09 11:08:40 info: 1023
2023-06-09 11:08:40 info: 1032
2023-06-09 11:08:41 info: 1507
2023-06-09 11:08:41 info: 1519
2023-06-09 11:08:41 info: 1548
2023-06-09 11:08:41 info: 1640
2023-06-09 11:08:41 info: 2012
2023-06-09 11:08:41 info: 2016
2023-06-09 11:08:41 info: 2045
2023-06-09 11:08:41 info: 2165
2023-06-09 11:08:42 info: 2499
2023-06-09 11:08:42 info: 2529
2023-06-09 11:08:42 info: 2548
2023-06-09 11:08:42 info: 2645
2023-06-09 11:08:42 info: 2997
2023-06-09 11:08:42 info: 3021
2023-06-09 11:08:42 info: 3050
2023-06-09 11:08:42 info: 3133
2023-06-09 11:08:43 info: 3497
2023-06-09 11:08:43 info: 3577
2023-06-09 11:08:43 info: 3593
2023-06-09 11:08:43 info: 3602
2023-06-09 11:08:43 info: 3925
2023-06-09 11:08:43 info: 3989
2023-06-09 15:37:58 info: [GET][/test] ::ffff:127.0.0.1 "HTTP/1.1" 200 4 "curl/7.68.0" 0.435 ms
2023-06-09 15:37:58 info: [GET][/test] ::ffff:127.0.0.1 "HTTP/1.1" 200 4 "curl/7.68.0" 0.565 ms
2023-06-09 15:37:58 info: [GET][/test] ::ffff:127.0.0.1 "HTTP/1.1" 200 4 "curl/7.68.0" 0.188 ms
2023-06-09 15:37:58 info: [GET][/test] ::ffff:127.0.0.1 "HTTP/1.1" 200 4 "curl/7.68.0" 0.241 ms
2023-06-09 15:37:58 info: [GET][/test] ::ffff:127.0.0.1 "HTTP/1.1" 200 4 "curl/7.68.0" 0.189 ms
2023-06-09 15:37:58 info: [GET][/test] ::ffff:127.0.0.1 "HTTP/1.1" 200 4 "curl/7.68.0" 0.197 ms
2023-06-09 15:37:58 info: [GET][/test] ::ffff:127.0.0.1 "HTTP/1.1" 200 4 "curl/7.68.0" 0.293 ms
2023-06-09 15:37:58 info: [GET][/test] ::ffff:127.0.0.1 "HTTP/1.1" 200 4 "curl/7.68.0" 0.448 ms
2023-06-09 15:37:58 info: [GET][/test] ::ffff:127.0.0.1 "HTTP/1.1" 200 4 "curl/7.68.0" 0.178 ms
2023-06-09 15:37:58 info: [GET][/test] ::ffff:127.0.0.1 "HTTP/1.1" 200 4 "curl/7.68.0" 0.181 ms
2023-06-09 15:37:58 info: [GET][/test] ::ffff:127.0.0.1 "HTTP/1.1" 200 4 "curl/7.68.0" 0.203 ms
2023-06-09 15:37:58 info: [GET][/test] ::ffff:127.0.0.1 "HTTP/1.1" 200 4 "curl/7.68.0" 0.208 ms
2023-06-09 15:37:58 info: [GET][/test] ::ffff:127.0.0.1 "HTTP/1.1" 200 4 "curl/7.68.0" 0.277 ms
2023-06-09 15:37:58 info: [GET][/test] ::ffff:127.0.0.1 "HTTP/1.1" 200 4 "curl/7.68.0" 0.191 ms
2023-06-09 15:37:58 info: 472
2023-06-09 15:37:58 info: 489
2023-06-09 15:37:58 info: 498
2023-06-09 15:37:58 info: 534
2023-06-09 15:37:59 info: 967
2023-06-09 15:37:59 info: 985
2023-06-09 15:37:59 info: 1004
2023-06-09 15:37:59 info: 1015
2023-06-09 15:37:59 info: 1443
2023-06-09 15:37:59 info: 1446
2023-06-09 15:37:59 info: 1471
2023-06-09 15:38:00 info: 1559
2023-06-09 15:38:00 info: 1898
2023-06-09 15:38:00 info: 1949
2023-06-09 15:38:00 info: 1979
2023-06-09 15:38:00 info: 2017
2023-06-09 15:38:00 info: 2418
2023-06-09 15:38:00 info: 2467
2023-06-09 15:38:00 info: 2471
2023-06-09 15:38:00 info: 2488
2023-06-09 15:38:01 info: 2933
2023-06-09 15:38:01 info: 2933
2023-06-09 15:38:01 info: 2939
2023-06-09 15:38:01 info: 2985
2023-06-09 15:38:01 info: 3410
2023-06-09 15:38:01 info: 3430
2023-06-09 15:38:01 info: 3441
2023-06-09 15:38:01 info: 3446
2023-06-09 15:38:02 info: 3901
2023-06-09 15:38:02 info: 3928
2023-06-09 15:38:02 info: 3942
2023-06-09 15:38:02 info: 3981
2023-06-09 15:38:02 info: 4407
2023-06-09 15:38:02 info: 4419
2023-06-09 15:38:02 info: 4447
2023-06-09 15:38:02 info: 4457
2023-06-09 15:38:03 info: 4871
2023-06-09 15:38:03 info: 4882
2023-06-09 15:38:03 info: 4940
2023-06-09 15:38:03 info: 4991
2023-06-09 15:38:03 info: 5397
2023-06-09 15:38:03 info: 5464
2023-06-09 15:38:03 info: 5482
2023-06-09 15:38:03 info: 5528
2023-06-09 15:38:04 info: 5899
2023-06-09 15:38:04 info: 6003
2023-06-09 15:38:04 info: 6005
2023-06-09 15:38:04 info: 6040
2023-06-09 15:38:04 info: 6409
2023-06-09 15:38:04 info: 6480
2023-06-09 15:38:04 info: 6504
2023-06-09 15:38:05 info: 6542
2023-06-09 15:38:05 info: 6879
2023-06-09 15:38:05 info: 6959
2023-06-09 15:38:05 info: 7040
2023-06-09 15:38:05 info: 7045
2023-06-09 15:38:05 info: 7355
2023-06-09 15:38:05 info: 7418
2023-06-09 15:38:05 info: 7502
2023-06-09 15:38:06 info: 7542
2023-06-09 15:38:06 info: 7821
2023-06-09 15:38:06 info: 7868
2023-06-09 15:38:06 info: 7950
2023-06-09 15:38:06 info: 8041
2023-06-09 15:38:06 info: 8300
2023-06-09 15:38:06 info: 8360
2023-06-09 15:38:06 info: 8482
2023-06-09 15:38:06 info: 8503
2023-06-09 15:38:07 info: 8756
2023-06-09 15:38:07 info: 8835
2023-06-09 15:38:07 info: 8944
2023-06-09 15:38:07 info: 8984
2023-06-09 15:38:07 info: 9241
2023-06-09 15:38:07 info: 9357
2023-06-09 15:38:07 info: 9400
2023-06-09 15:38:07 info: 9444
2023-06-09 15:38:08 info: 9688
2023-06-09 15:38:08 info: 9841
2023-06-09 15:38:08 info: 9863
2023-06-09 15:38:08 info: 9887
2023-06-09 15:38:08 info: 10185
2023-06-09 15:38:08 info: 10288
2023-06-09 15:38:08 info: 10365
2023-06-09 15:38:08 info: 10399
2023-06-09 15:38:09 info: 10726
2023-06-09 15:38:09 info: 10760
2023-06-09 15:38:09 info: 10842
2023-06-09 15:38:09 info: 10883
2023-06-09 15:38:09 info: 11219
2023-06-09 15:38:09 info: 11248
2023-06-09 15:38:09 info: 11318
2023-06-09 15:38:09 info: 11383
2023-06-09 15:38:10 info: 11747
2023-06-09 15:38:10 info: 11760
2023-06-09 15:38:10 info: 11802
2023-06-09 15:38:10 info: 11902
2023-06-09 15:38:10 info: 12269
2023-06-09 15:38:10 info: 12340
2023-06-09 15:38:10 info: 12346
2023-06-09 15:38:10 info: 12354
2023-06-09 15:38:11 info: 12760
2023-06-09 15:38:11 info: 12802
2023-06-09 15:38:11 info: 12808
2023-06-09 15:38:11 info: 12838
2023-06-09 15:38:11 info: 13245
2023-06-09 15:38:11 info: 13296
2023-06-09 15:38:11 info: 13297
2023-06-09 15:38:11 info: 13335
2023-06-09 15:38:12 info: 13692
2023-06-09 15:38:12 info: 13783
2023-06-09 15:38:12 info: 13789
2023-06-09 15:38:12 info: 13811
2023-06-09 15:38:12 info: 14244
2023-06-09 15:38:12 info: 14284
2023-06-09 15:38:12 info: 14299
2023-06-09 15:38:12 info: 14311
2023-06-09 15:38:13 info: 14700
2023-06-09 15:38:13 info: 14779
2023-06-09 15:38:13 info: 14824
2023-06-09 15:38:13 info: 14825
2023-06-09 15:38:13 info: 15221
2023-06-09 15:38:13 info: 15264
2023-06-09 15:38:13 info: 15287
2023-06-09 15:38:13 info: 15307
2023-06-09 15:38:14 info: 15706
2023-06-09 15:38:14 info: 15755
2023-06-09 15:38:14 info: 15772
2023-06-09 15:38:14 info: 15820
2023-06-09 15:38:14 info: 16211
2023-06-09 15:38:14 info: 16270
2023-06-09 15:38:14 info: 16262
2023-06-09 15:38:14 info: 16285
2023-06-09 15:38:15 info: 16707
2023-06-09 15:38:15 info: 16715
2023-06-09 15:38:15 info: 16747
2023-06-09 15:38:15 info: 16764
2023-06-09 15:38:15 info: 17204
2023-06-09 15:38:15 info: 17217
2023-06-09 15:38:15 info: 17234
2023-06-09 15:38:15 info: 17244
