2023-06-08 11:02:31 info: OS cpu length : 12
2023-06-08 11:02:31 info: UV_THREADPOOL_SIZE : 4
2023-06-08 11:02:46 info: OS cpu length : 12
2023-06-08 11:02:46 info: UV_THREADPOOL_SIZE : 4
2023-06-08 11:14:30 info: [GET][/] ::ffff:127.0.0.1 "HTTP/1.1" 200 - "curl/7.68.0" 1.062 ms
2023-06-08 11:14:30 info: [GET][/] ::ffff:127.0.0.1 "HTTP/1.1" 200 - "curl/7.68.0" 0.218 ms
2023-06-08 11:14:30 info: [GET][/] ::ffff:127.0.0.1 "HTTP/1.1" 200 - "curl/7.68.0" 0.130 ms
2023-06-08 11:14:30 info: [GET][/] ::ffff:127.0.0.1 "HTTP/1.1" 200 - "curl/7.68.0" 0.129 ms
2023-06-08 11:14:30 info: [GET][/] ::ffff:127.0.0.1 "HTTP/1.1" 200 - "curl/7.68.0" 0.143 ms
2023-06-08 11:14:30 info: [GET][/] ::ffff:127.0.0.1 "HTTP/1.1" 200 - "curl/7.68.0" 0.170 ms
2023-06-08 11:14:30 info: [GET][/] ::ffff:127.0.0.1 "HTTP/1.1" 200 - "curl/7.68.0" 0.134 ms
2023-06-08 11:14:30 info: [GET][/] ::ffff:127.0.0.1 "HTTP/1.1" 200 - "curl/7.68.0" 0.120 ms
2023-06-08 11:14:30 info: [GET][/] ::ffff:127.0.0.1 "HTTP/1.1" 200 - "curl/7.68.0" 0.121 ms
2023-06-08 11:14:30 info: [GET][/] ::ffff:127.0.0.1 "HTTP/1.1" 200 - "curl/7.68.0" 0.124 ms
2023-06-08 11:14:30 info: [GET][/] ::ffff:127.0.0.1 "HTTP/1.1" 200 - "curl/7.68.0" 0.148 ms
2023-06-08 11:14:30 info: [GET][/] ::ffff:127.0.0.1 "HTTP/1.1" 200 - "curl/7.68.0" 0.124 ms
2023-06-08 11:14:30 info: [GET][/] ::ffff:127.0.0.1 "HTTP/1.1" 200 - "curl/7.68.0" 0.133 ms
2023-06-08 11:14:30 info: [GET][/] ::ffff:127.0.0.1 "HTTP/1.1" 200 - "curl/7.68.0" 0.135 ms
2023-06-08 11:14:30 info: [GET][/] ::ffff:127.0.0.1 "HTTP/1.1" 200 - "curl/7.68.0" 0.801 ms
2023-06-08 11:14:30 info: 454
2023-06-08 11:14:30 info: 478
2023-06-08 11:14:30 info: 480
2023-06-08 11:14:30 info: 498
2023-06-08 11:14:31 info: 966
2023-06-08 11:14:31 info: 975
2023-06-08 11:14:31 info: 1036
2023-06-08 11:14:31 info: 1058
2023-06-08 11:14:31 info: 1472
2023-06-08 11:14:31 info: 1509
2023-06-08 11:14:31 info: 1539
2023-06-08 11:14:31 info: 1567
2023-06-08 11:14:32 info: 1961
2023-06-08 11:14:32 info: 1962
2023-06-08 11:14:32 info: 2011
2023-06-08 11:14:32 info: 2060
2023-06-08 11:14:32 info: 2455
2023-06-08 11:14:32 info: 2484
2023-06-08 11:14:32 info: 2524
2023-06-08 11:14:32 info: 2543
2023-06-08 11:14:32 info: 2925
2023-06-08 11:14:33 info: 2967
2023-06-08 11:14:33 info: 2980
2023-06-08 11:14:33 info: 3055
2023-06-08 11:14:33 info: 3446
2023-06-08 11:14:33 info: 3458
2023-06-08 11:14:33 info: 3465
2023-06-08 11:14:33 info: 3537
2023-06-08 11:14:33 info: 3898
2023-06-08 11:14:33 info: 3909
2023-06-08 11:14:34 info: 4041
2023-06-08 11:14:34 info: 4068
2023-06-08 11:14:34 info: 4403
2023-06-08 11:14:34 info: 4416
2023-06-08 11:14:34 info: 4555
2023-06-08 11:14:34 info: 4580
2023-06-08 11:14:34 info: 4919
2023-06-08 11:14:34 info: 4929
2023-06-08 11:14:35 info: 5104
2023-06-08 11:14:35 info: 5113
2023-06-08 11:14:35 info: 5438
2023-06-08 11:14:35 info: 5453
2023-06-08 11:14:35 info: 5547
2023-06-08 11:14:35 info: 5627
2023-06-08 11:14:35 info: 5887
2023-06-08 11:14:36 info: 5949
2023-06-08 11:14:36 info: 6003
2023-06-08 11:14:36 info: 6161
2023-06-08 11:14:36 info: 6419
2023-06-08 11:14:36 info: 6429
2023-06-08 11:14:36 info: 6456
2023-06-08 11:14:36 info: 6675
2023-06-08 11:14:36 info: 6902
2023-06-08 11:14:37 info: 6934
2023-06-08 11:14:37 info: 6986
2023-06-08 11:14:37 info: 7155
2023-06-08 11:14:37 info: 7373
2023-06-08 11:14:37 info: 7436
2023-06-08 11:14:37 info: 7465
2023-06-08 11:14:37 info: 7597
2023-06-08 11:14:37 info: 7801
2023-06-08 11:14:37 info: 7887
2023-06-08 11:14:37 info: 7889
2023-06-08 11:14:38 info: 8069
2023-06-08 11:14:38 info: 8275
2023-06-08 11:14:38 info: 8363
2023-06-08 11:14:38 info: 8374
2023-06-08 11:14:38 info: 8561
2023-06-08 11:14:38 info: 8756
2023-06-08 11:14:38 info: 8808
2023-06-08 11:14:38 info: 8863
2023-06-08 11:14:39 info: 9029
2023-06-08 11:14:39 info: 9279
2023-06-08 11:14:39 info: 9346
2023-06-08 11:14:39 info: 9353
2023-06-08 11:14:39 info: 9578
2023-06-08 11:14:39 info: 9725
2023-06-08 11:14:39 info: 9838
2023-06-08 11:14:39 info: 9858
2023-06-08 11:14:40 info: 10026
2023-06-08 11:14:40 info: 10213
2023-06-08 11:14:40 info: 10291
2023-06-08 11:14:40 info: 10389
2023-06-08 11:14:40 info: 10548
2023-06-08 11:14:40 info: 10706
2023-06-08 11:14:40 info: 10841
2023-06-08 11:14:41 info: 10916
2023-06-08 11:14:41 info: 11026
2023-06-08 11:14:41 info: 11224
2023-06-08 11:14:41 info: 11303
2023-06-08 11:14:41 info: 11385
2023-06-08 11:14:41 info: 11515
2023-06-08 11:14:41 info: 11735
2023-06-08 11:14:41 info: 11779
2023-06-08 11:14:42 info: 11975
2023-06-08 11:14:42 info: 12015
2023-06-08 11:14:42 info: 12228
2023-06-08 11:14:42 info: 12321
2023-06-08 11:14:42 info: 12467
2023-06-08 11:14:42 info: 12515
2023-06-08 11:14:42 info: 12679
2023-06-08 11:14:42 info: 12856
2023-06-08 11:14:43 info: 12977
2023-06-08 11:14:43 info: 12993
2023-06-08 11:14:43 info: 13247
2023-06-08 11:14:43 info: 13337
2023-06-08 11:14:43 info: 13469
2023-06-08 11:14:43 info: 13525
2023-06-08 11:14:43 info: 13742
2023-06-08 11:14:43 info: 13868
2023-06-08 11:14:44 info: 13957
2023-06-08 11:14:44 info: 14046
2023-06-08 11:14:44 info: 14262
2023-06-08 11:14:44 info: 14404
2023-06-08 11:14:44 info: 14505
2023-06-08 11:14:44 info: 14584
2023-06-08 11:14:44 info: 14758
2023-06-08 11:14:44 info: 14863
2023-06-08 11:14:45 info: 14964
2023-06-08 11:14:45 info: 15064
2023-06-08 11:14:45 info: 15247
2023-06-08 11:14:45 info: 15377
2023-06-08 11:14:45 info: 15491
2023-06-08 11:14:45 info: 15563
2023-06-08 11:14:45 info: 15749
2023-06-08 11:14:46 info: 15912
2023-06-08 11:14:46 info: 15975
2023-06-08 11:14:46 info: 16038
2023-06-08 11:14:46 info: 16217
2023-06-08 11:14:46 info: 16363
2023-06-08 11:14:46 info: 16514
2023-06-08 11:14:46 info: 16516
2023-06-08 11:14:46 info: 16724
2023-06-08 11:14:47 info: 16914
2023-06-08 11:14:47 info: 17065
2023-06-08 11:14:47 info: 17069
2023-06-08 11:14:47 info: 17328
2023-06-08 11:14:47 info: 17457
2023-06-08 11:14:47 info: 17527
2023-06-08 11:14:47 info: 17592
2023-06-08 11:14:47 info: 17879
2023-06-08 11:14:48 info: 17974
2023-06-08 11:14:48 info: 18040
2023-06-08 11:14:48 info: 18146
2023-06-08 11:14:48 info: 18353
2023-06-08 11:14:48 info: 18438
2023-06-08 11:14:48 info: 18545
2023-06-08 11:14:48 info: 18603
2023-06-08 11:14:48 info: 18791
2023-06-08 11:14:48 info: 18856
=================================
2023-06-08 11:16:45 info: OS cpu length : 12
2023-06-08 11:16:45 info: UV_THREADPOOL_SIZE : 12
2023-06-08 11:16:53 info: [GET][/] ::ffff:127.0.0.1 "HTTP/1.1" 200 - "curl/7.68.0" 1.242 ms
2023-06-08 11:16:53 info: [GET][/] ::ffff:127.0.0.1 "HTTP/1.1" 200 - "curl/7.68.0" 0.295 ms
2023-06-08 11:16:53 info: [GET][/] ::ffff:127.0.0.1 "HTTP/1.1" 200 - "curl/7.68.0" 0.195 ms
2023-06-08 11:16:53 info: [GET][/] ::ffff:127.0.0.1 "HTTP/1.1" 200 - "curl/7.68.0" 0.186 ms
2023-06-08 11:16:53 info: [GET][/] ::ffff:127.0.0.1 "HTTP/1.1" 200 - "curl/7.68.0" 0.198 ms
2023-06-08 11:16:53 info: [GET][/] ::ffff:127.0.0.1 "HTTP/1.1" 200 - "curl/7.68.0" 0.211 ms
2023-06-08 11:16:53 info: [GET][/] ::ffff:127.0.0.1 "HTTP/1.1" 200 - "curl/7.68.0" 0.182 ms
2023-06-08 11:16:53 info: [GET][/] ::ffff:127.0.0.1 "HTTP/1.1" 200 - "curl/7.68.0" 0.201 ms
2023-06-08 11:16:53 info: [GET][/] ::ffff:127.0.0.1 "HTTP/1.1" 200 - "curl/7.68.0" 0.171 ms
2023-06-08 11:16:53 info: [GET][/] ::ffff:127.0.0.1 "HTTP/1.1" 200 - "curl/7.68.0" 0.179 ms
2023-06-08 11:16:53 info: [GET][/] ::ffff:127.0.0.1 "HTTP/1.1" 200 - "curl/7.68.0" 0.185 ms
2023-06-08 11:16:53 info: [GET][/] ::ffff:127.0.0.1 "HTTP/1.1" 200 - "curl/7.68.0" 0.200 ms
2023-06-08 11:16:53 info: [GET][/] ::ffff:127.0.0.1 "HTTP/1.1" 200 - "curl/7.68.0" 0.211 ms
2023-06-08 11:16:53 info: [GET][/] ::ffff:127.0.0.1 "HTTP/1.1" 200 - "curl/7.68.0" 2.248 ms
2023-06-08 11:16:53 info: [GET][/] ::ffff:127.0.0.1 "HTTP/1.1" 200 - "curl/7.68.0" 0.201 ms
2023-06-08 11:16:54 info: 873
2023-06-08 11:16:54 info: 874
2023-06-08 11:16:54 info: 874
2023-06-08 11:16:54 info: 874
2023-06-08 11:16:54 info: 874
2023-06-08 11:16:54 info: 875
2023-06-08 11:16:54 info: 877
2023-06-08 11:16:54 info: 878
2023-06-08 11:16:54 info: 881
2023-06-08 11:16:54 info: 886
2023-06-08 11:16:54 info: 918
2023-06-08 11:16:54 info: 947
2023-06-08 11:16:55 info: 1705
2023-06-08 11:16:55 info: 1659
2023-06-08 11:16:55 info: 1706
2023-06-08 11:16:55 info: 1706
2023-06-08 11:16:55 info: 1706
2023-06-08 11:16:55 info: 1706
2023-06-08 11:16:55 info: 1708
2023-06-08 11:16:55 info: 1710
2023-06-08 11:16:55 info: 1712
2023-06-08 11:16:55 info: 1689
2023-06-08 11:16:55 info: 1720
2023-06-08 11:16:55 info: 1740
2023-06-08 11:16:55 info: 2484
2023-06-08 11:16:55 info: 2488
2023-06-08 11:16:55 info: 2489
2023-06-08 11:16:55 info: 2491
2023-06-08 11:16:56 info: 2508
2023-06-08 11:16:56 info: 2509
2023-06-08 11:16:56 info: 2470
2023-06-08 11:16:56 info: 2470
2023-06-08 11:16:56 info: 2470
2023-06-08 11:16:56 info: 2490
2023-06-08 11:16:56 info: 2513
2023-06-08 11:16:56 info: 2536
2023-06-08 11:16:56 info: 3282
2023-06-08 11:16:56 info: 3282
2023-06-08 11:16:56 info: 3283
2023-06-08 11:16:56 info: 3284
2023-06-08 11:16:56 info: 3246
2023-06-08 11:16:56 info: 3259
2023-06-08 11:16:56 info: 3260
2023-06-08 11:16:56 info: 3260
2023-06-08 11:16:56 info: 3260
2023-06-08 11:16:56 info: 3284
2023-06-08 11:16:56 info: 3312
2023-06-08 11:16:56 info: 3329
2023-06-08 11:16:57 info: 4070
2023-06-08 11:16:57 info: 4089
2023-06-08 11:16:57 info: 4060
2023-06-08 11:16:57 info: 4060
2023-06-08 11:16:57 info: 4060
2023-06-08 11:16:57 info: 4060
2023-06-08 11:16:57 info: 4068
2023-06-08 11:16:57 info: 4080
2023-06-08 11:16:57 info: 4087
2023-06-08 11:16:57 info: 4117
2023-06-08 11:16:57 info: 4135
2023-06-08 11:16:57 info: 4244
2023-06-08 11:16:58 info: 4842
2023-06-08 11:16:58 info: 4845
2023-06-08 11:16:58 info: 4847
2023-06-08 11:16:58 info: 4859
2023-06-08 11:16:58 info: 4860
2023-06-08 11:16:58 info: 4860
2023-06-08 11:16:58 info: 4865
2023-06-08 11:16:58 info: 4880
2023-06-08 11:16:58 info: 4891
2023-06-08 11:16:58 info: 4957
2023-06-08 11:16:58 info: 4989
2023-06-08 11:16:58 info: 5073
2023-06-08 11:16:59 info: 5650
2023-06-08 11:16:59 info: 5654
2023-06-08 11:16:59 info: 5655
2023-06-08 11:16:59 info: 5669
2023-06-08 11:16:59 info: 5670
2023-06-08 11:16:59 info: 5672
2023-06-08 11:16:59 info: 5654
2023-06-08 11:16:59 info: 5731
2023-06-08 11:16:59 info: 5738
2023-06-08 11:16:59 info: 5779
2023-06-08 11:16:59 info: 5828
2023-06-08 11:16:59 info: 5979
2023-06-08 11:17:00 info: 6502
2023-06-08 11:17:00 info: 6519
2023-06-08 11:17:00 info: 6491
2023-06-08 11:17:00 info: 6534
2023-06-08 11:17:00 info: 6536
2023-06-08 11:17:00 info: 6547
2023-06-08 11:17:00 info: 6548
2023-06-08 11:17:00 info: 6649
2023-06-08 11:17:00 info: 6651
2023-06-08 11:17:00 info: 6680
2023-06-08 11:17:00 info: 6881
2023-06-08 11:17:00 info: 7119
2023-06-08 11:17:01 info: 7329
2023-06-08 11:17:01 info: 7330
2023-06-08 11:17:01 info: 7349
2023-06-08 11:17:01 info: 7350
2023-06-08 11:17:01 info: 7325
2023-06-08 11:17:01 info: 7325
2023-06-08 11:17:01 info: 7344
2023-06-08 11:17:01 info: 7509
2023-06-08 11:17:01 info: 7553
2023-06-08 11:17:01 info: 7562
2023-06-08 11:17:01 info: 7835
2023-06-08 11:17:01 info: 8046
2023-06-08 11:17:01 info: 8120
2023-06-08 11:17:01 info: 8131
2023-06-08 11:17:01 info: 8099
2023-06-08 11:17:01 info: 8100
2023-06-08 11:17:01 info: 8139
2023-06-08 11:17:01 info: 8146
2023-06-08 11:17:02 info: 8166
2023-06-08 11:17:02 info: 8323
2023-06-08 11:17:02 info: 8399
2023-06-08 11:17:02 info: 8400
2023-06-08 11:17:02 info: 8689
2023-06-08 11:17:02 info: 8859
2023-06-08 11:17:02 info: 8873
2023-06-08 11:17:02 info: 8889
2023-06-08 11:17:02 info: 8890
2023-06-08 11:17:02 info: 8890
2023-06-08 11:17:02 info: 8939
2023-06-08 11:17:02 info: 8947
2023-06-08 11:17:02 info: 8966
2023-06-08 11:17:03 info: 9139
2023-06-08 11:17:03 info: 9192
2023-06-08 11:17:03 info: 9201
2023-06-08 11:17:03 info: 9464
2023-06-08 11:17:03 info: 9655
2023-06-08 11:17:03 info: 9659
2023-06-08 11:17:03 info: 9673
2023-06-08 11:17:03 info: 9674
2023-06-08 11:17:03 info: 9674
2023-06-08 11:17:03 info: 9732
2023-06-08 11:17:03 info: 9753
2023-06-08 11:17:03 info: 9753
2023-06-08 11:17:03 info: 9914
2023-06-08 11:17:03 info: 9952
2023-06-08 11:17:03 info: 9972
2023-06-08 11:17:04 info: 10158
2023-06-08 11:17:04 info: 10258
2023-06-08 11:17:04 info: 10262
2023-06-08 11:17:04 info: 10272
2023-06-08 11:17:04 info: 10277
2023-06-08 11:17:04 info: 10313
2023-06-08 11:17:04 info: 10337
2023-06-08 11:17:04 info: 10341
=======================================
